<?xml version="1.0" encoding="UTF-8"?>
<testng-results skipped="0" failed="0" ignored="0" total="1" passed="1">
  <reporter-output>
  </reporter-output>
  <suite name="Default suite" duration-ms="21237" started-at="2018-07-08T19:05:11Z" finished-at="2018-07-08T19:05:33Z">
    <groups>
    </groups>
    <test name="Default test" duration-ms="21237" started-at="2018-07-08T19:05:11Z" finished-at="2018-07-08T19:05:33Z">
      <class name="com.emirates.reservation.test.Auto_TC_001_Reservation">
        <test-method status="PASS" signature="beforeSuite()[pri:0, instance:com.emirates.reservation.test.Auto_TC_001_Reservation@7791a895]" name="beforeSuite" is-config="true" duration-ms="495" started-at="2018-07-09T00:35:11Z" finished-at="2018-07-09T00:35:11Z">
          <reporter-output>
          </reporter-output>
        </test-method> <!-- beforeSuite -->
        <test-method status="PASS" signature="beforeClass()[pri:0, instance:com.emirates.reservation.test.Auto_TC_001_Reservation@7791a895]" name="beforeClass" is-config="true" duration-ms="160" started-at="2018-07-09T00:35:11Z" finished-at="2018-07-09T00:35:11Z">
          <reporter-output>
          </reporter-output>
        </test-method> <!-- beforeClass -->
        <test-method status="PASS" signature="beforeMethod(java.lang.reflect.Method)[pri:0, instance:com.emirates.reservation.test.Auto_TC_001_Reservation@7791a895]" name="beforeMethod" is-config="true" duration-ms="2" started-at="2018-07-09T00:35:11Z" finished-at="2018-07-09T00:35:11Z">
          <params>
            <param index="0">
              <value>
                <![CDATA[public void com.emirates.reservation.test.Auto_TC_001_Reservation.Auto_TC_Reservation_ReturnTicket() throws java.io.IOException]]>
              </value>
            </param>
          </params>
          <reporter-output>
          </reporter-output>
        </test-method> <!-- beforeMethod -->
        <test-method status="PASS" signature="Auto_TC_Reservation_ReturnTicket()[pri:0, instance:com.emirates.reservation.test.Auto_TC_001_Reservation@7791a895]" name="Auto_TC_Reservation_ReturnTicket" duration-ms="20435" started-at="2018-07-09T00:35:11Z" finished-at="2018-07-09T00:35:32Z">
          <reporter-output>
          </reporter-output>
        </test-method> <!-- Auto_TC_Reservation_ReturnTicket -->
        <test-method status="PASS" signature="afterClass()[pri:0, instance:com.emirates.reservation.test.Auto_TC_001_Reservation@7791a895]" name="afterClass" is-config="true" duration-ms="613" started-at="2018-07-09T00:35:32Z" finished-at="2018-07-09T00:35:33Z">
          <reporter-output>
          </reporter-output>
        </test-method> <!-- afterClass -->
      </class> <!-- com.emirates.reservation.test.Auto_TC_001_Reservation -->
    </test> <!-- Default test -->
  </suite> <!-- Default suite -->
</testng-results>
